app/build/intermediates/manifest_merge_blame_file/analyticsDebug/manifest-merger-blame-analytics-debug-report.txt
1<?xml version="1.0" encoding="utf-8"?>
2<manifest xmlns:android="http://schemas.android.com/apk/res/android"
3    package="io.stormbird.wallet"
4    android:targetSandboxVersion="1"
5    android:versionCode="218"
6    android:versionName="3.60.3" >
7
8    <uses-sdk
9        android:minSdkVersion="24"
10        android:targetSdkVersion="32" />
11
12    <uses-permission android:name="android.permission.INTERNET" />
12-->src/main/AndroidManifest.xml:7:5-67
12-->src/main/AndroidManifest.xml:7:22-64
13    <uses-permission android:name="android.permission.VIBRATE" />
13-->src/main/AndroidManifest.xml:8:5-66
13-->src/main/AndroidManifest.xml:8:22-63
14    <uses-permission android:name="android.permission.CAMERA" />
14-->src/main/AndroidManifest.xml:9:5-65
14-->src/main/AndroidManifest.xml:9:22-62
15
16    <!-- Allows unlocking your device and activating its screen so UI tests can succeed -->
17    <uses-permission android:name="android.permission.DISABLE_KEYGUARD" />
17-->src/debug/AndroidManifest.xml:10:5-75
17-->src/debug/AndroidManifest.xml:10:22-72
18    <uses-permission android:name="android.permission.WAKE_LOCK" />
18-->src/main/AndroidManifest.xml:14:5-68
18-->src/main/AndroidManifest.xml:14:22-65
19
20    <!-- Allows for storing and retrieving screenshots -->
21    <uses-permission android:name="android.permission.WRITE_EXTERNAL_STORAGE" />
21-->src/main/AndroidManifest.xml:10:5-81
21-->src/main/AndroidManifest.xml:10:22-78
22    <uses-permission android:name="android.permission.READ_EXTERNAL_STORAGE" />
22-->src/main/AndroidManifest.xml:11:5-80
22-->src/main/AndroidManifest.xml:11:22-77
23    <uses-permission android:name="android.permission.ACCESS_NETWORK_STATE" />
23-->src/main/AndroidManifest.xml:12:5-79
23-->src/main/AndroidManifest.xml:12:22-76
24    <uses-permission android:name="android.permission.USE_FINGERPRINT" />
24-->src/main/AndroidManifest.xml:13:5-74
24-->src/main/AndroidManifest.xml:13:22-71
25    <uses-permission android:name="android.permission.USE_BIOMETRIC" />
25-->src/main/AndroidManifest.xml:15:5-72
25-->src/main/AndroidManifest.xml:15:22-69
26    <uses-permission android:name="android.permission.FOREGROUND_SERVICE" />
26-->src/main/AndroidManifest.xml:16:5-76
26-->src/main/AndroidManifest.xml:16:22-74
27
28    <uses-feature
28-->src/main/AndroidManifest.xml:18:5-20:36
29        android:name="android.hardware.fingerprint"
29-->src/main/AndroidManifest.xml:19:9-52
30        android:required="false" /> <!-- Don't require camera, as this requires a rear camera. This allows it to work on the Nexus 7 -->
30-->src/main/AndroidManifest.xml:20:9-33
31    <uses-feature
31-->[com.journeyapps:zxing-android-embedded:4.3.0] AndroidManifest.xml:25:5-27:36
32        android:name="android.hardware.camera"
32-->[com.journeyapps:zxing-android-embedded:4.3.0] AndroidManifest.xml:26:9-47
33        android:required="false" />
33-->[com.journeyapps:zxing-android-embedded:4.3.0] AndroidManifest.xml:27:9-33
34    <uses-feature
34-->[com.journeyapps:zxing-android-embedded:4.3.0] AndroidManifest.xml:28:5-30:36
35        android:name="android.hardware.camera.front"
35-->[com.journeyapps:zxing-android-embedded:4.3.0] AndroidManifest.xml:29:9-53
36        android:required="false" /> <!-- TODO replace above two with next line after Android 4.2 -->
36-->[com.journeyapps:zxing-android-embedded:4.3.0] AndroidManifest.xml:30:9-33
37    <!-- <uses-feature android:name="android.hardware.camera.any"/> -->
38    <uses-feature
38-->[com.journeyapps:zxing-android-embedded:4.3.0] AndroidManifest.xml:33:5-35:36
39        android:name="android.hardware.camera.autofocus"
39-->[com.journeyapps:zxing-android-embedded:4.3.0] AndroidManifest.xml:34:9-57
40        android:required="false" />
40-->[com.journeyapps:zxing-android-embedded:4.3.0] AndroidManifest.xml:35:9-33
41    <uses-feature
41-->[com.journeyapps:zxing-android-embedded:4.3.0] AndroidManifest.xml:36:5-38:36
42        android:name="android.hardware.camera.flash"
42-->[com.journeyapps:zxing-android-embedded:4.3.0] AndroidManifest.xml:37:9-53
43        android:required="false" />
43-->[com.journeyapps:zxing-android-embedded:4.3.0] AndroidManifest.xml:38:9-33
44    <uses-feature
44-->[com.journeyapps:zxing-android-embedded:4.3.0] AndroidManifest.xml:39:5-41:36
45        android:name="android.hardware.screen.landscape"
45-->[com.journeyapps:zxing-android-embedded:4.3.0] AndroidManifest.xml:40:9-57
46        android:required="false" />
46-->[com.journeyapps:zxing-android-embedded:4.3.0] AndroidManifest.xml:41:9-33
47    <uses-feature
47-->[com.journeyapps:zxing-android-embedded:4.3.0] AndroidManifest.xml:42:5-44:36
48        android:name="android.hardware.wifi"
48-->[com.journeyapps:zxing-android-embedded:4.3.0] AndroidManifest.xml:43:9-45
49        android:required="false" />
49-->[com.journeyapps:zxing-android-embedded:4.3.0] AndroidManifest.xml:44:9-33
50
51    <uses-permission android:name="android.permission.RECEIVE_BOOT_COMPLETED" />
51-->[androidx.work:work-runtime:2.7.1] AndroidManifest.xml:27:5-81
51-->[androidx.work:work-runtime:2.7.1] AndroidManifest.xml:27:22-78
52    <uses-permission android:name="com.google.android.finsky.permission.BIND_GET_INSTALL_REFERRER_SERVICE" /> <!-- Required by older versions of Google Play services to create IID tokens -->
52-->[com.google.android.gms:play-services-measurement:16.5.0] AndroidManifest.xml:26:5-110
52-->[com.google.android.gms:play-services-measurement:16.5.0] AndroidManifest.xml:26:22-107
53    <uses-permission android:name="com.google.android.c2dm.permission.RECEIVE" /> <!-- Allows changing locales -->
53-->[com.google.firebase:firebase-iid:17.1.2] AndroidManifest.xml:26:5-82
53-->[com.google.firebase:firebase-iid:17.1.2] AndroidManifest.xml:26:22-79
54    <!-- <uses-permission android:name="android.permission.CHANGE_CONFIGURATION" /> -->
55    <application
55-->src/main/AndroidManifest.xml:22:5-354:19
56        android:name="com.alphawallet.app.App"
56-->src/main/AndroidManifest.xml:23:9-28
57        android:allowBackup="false"
57-->src/main/AndroidManifest.xml:24:9-36
58        android:appComponentFactory="androidx.core.app.CoreComponentFactory"
58-->[androidx.core:core:1.7.0] AndroidManifest.xml:24:18-86
59        android:debuggable="true"
60        android:extractNativeLibs="true"
60-->src/main/AndroidManifest.xml:25:9-41
61        android:fullBackupContent="@xml/backup_rules"
61-->[com.walletconnect:sign:2.1.0] AndroidManifest.xml:9:18-63
62        android:hardwareAccelerated="false"
62-->src/main/AndroidManifest.xml:26:9-44
63        android:icon="@mipmap/ic_launcher"
63-->src/main/AndroidManifest.xml:28:9-43
64        android:label="@string/app_name"
64-->src/main/AndroidManifest.xml:29:9-41
65        android:largeHeap="true"
65-->src/main/AndroidManifest.xml:27:9-33
66        android:launchMode="singleTask"
66-->src/main/AndroidManifest.xml:30:9-40
67        android:requestLegacyExternalStorage="true"
67-->src/main/AndroidManifest.xml:31:9-52
68        android:roundIcon="@mipmap/ic_launcher_round"
68-->src/main/AndroidManifest.xml:32:9-54
69        android:supportsRtl="true"
69-->src/main/AndroidManifest.xml:33:9-35
70        android:testOnly="false"
70-->src/main/AndroidManifest.xml:34:9-33
71        android:theme="@style/AppTheme.NoActionBar"
71-->src/main/AndroidManifest.xml:35:9-52
72        android:usesCleartextTraffic="true" >
72-->src/main/AndroidManifest.xml:36:9-44
73        <activity
73-->src/main/AndroidManifest.xml:39:9-88:20
74            android:name="com.alphawallet.app.ui.HomeActivity"
74-->src/main/AndroidManifest.xml:40:13-44
75            android:exported="true"
75-->src/main/AndroidManifest.xml:41:13-36
76            android:launchMode="singleTask"
76-->src/main/AndroidManifest.xml:42:13-44
77            android:theme="@style/AppTheme.NoActionBar.Splash"
77-->src/main/AndroidManifest.xml:43:13-63
78            android:windowSoftInputMode="adjustPan" >
78-->src/main/AndroidManifest.xml:44:13-52
79            <intent-filter>
79-->src/main/AndroidManifest.xml:45:13-48:29
80                <action android:name="android.intent.action.MAIN" />
80-->src/main/AndroidManifest.xml:46:17-69
80-->src/main/AndroidManifest.xml:46:25-66
81
82                <category android:name="android.intent.category.LAUNCHER" />
82-->src/main/AndroidManifest.xml:47:17-77
82-->src/main/AndroidManifest.xml:47:27-74
83            </intent-filter>
84            <intent-filter android:autoVerify="true" >
84-->src/main/AndroidManifest.xml:49:13-60:29
84-->src/main/AndroidManifest.xml:49:28-53
85                <action android:name="android.intent.action.VIEW" />
85-->src/main/AndroidManifest.xml:50:17-69
85-->src/main/AndroidManifest.xml:50:25-66
86
87                <category android:name="android.intent.category.DEFAULT" />
87-->src/main/AndroidManifest.xml:52:17-76
87-->src/main/AndroidManifest.xml:52:27-73
88                <category android:name="android.intent.category.BROWSABLE" />
88-->src/main/AndroidManifest.xml:53:17-78
88-->src/main/AndroidManifest.xml:53:27-75
89
90                <data android:scheme="http" />
90-->src/main/AndroidManifest.xml:55:17-47
90-->src/main/AndroidManifest.xml:55:23-44
91                <data android:scheme="https" />
91-->src/main/AndroidManifest.xml:55:17-47
91-->src/main/AndroidManifest.xml:55:23-44
92                <data android:host="aw.app" />
92-->src/main/AndroidManifest.xml:55:17-47
93                <data android:host="www.aw.app" />
93-->src/main/AndroidManifest.xml:55:17-47
94                <data android:pathPrefix="/" />
94-->src/main/AndroidManifest.xml:55:17-47
95            </intent-filter>
96            <intent-filter>
96-->src/main/AndroidManifest.xml:61:13-67:29
97                <data android:scheme="wc" />
97-->src/main/AndroidManifest.xml:55:17-47
97-->src/main/AndroidManifest.xml:55:23-44
98
99                <action android:name="android.intent.action.VIEW" />
99-->src/main/AndroidManifest.xml:50:17-69
99-->src/main/AndroidManifest.xml:50:25-66
100
101                <category android:name="android.intent.category.DEFAULT" />
101-->src/main/AndroidManifest.xml:52:17-76
101-->src/main/AndroidManifest.xml:52:27-73
102                <category android:name="android.intent.category.BROWSABLE" />
102-->src/main/AndroidManifest.xml:53:17-78
102-->src/main/AndroidManifest.xml:53:27-75
103            </intent-filter>
104            <intent-filter android:priority="999" >
104-->src/main/AndroidManifest.xml:68:13-87:29
104-->src/main/AndroidManifest.xml:68:28-50
105                <action android:name="android.intent.action.VIEW" />
105-->src/main/AndroidManifest.xml:50:17-69
105-->src/main/AndroidManifest.xml:50:25-66
106
107                <category android:name="android.intent.category.DEFAULT" />
107-->src/main/AndroidManifest.xml:52:17-76
107-->src/main/AndroidManifest.xml:52:27-73
108                <category android:name="android.intent.category.BROWSABLE" />
108-->src/main/AndroidManifest.xml:53:17-78
108-->src/main/AndroidManifest.xml:53:27-75
109                <category android:name="android.intent.category.ALTERNATIVE" />
109-->src/main/AndroidManifest.xml:73:17-80
109-->src/main/AndroidManifest.xml:73:27-77
110                <category android:name="android.intent.category.SELECTED_ALTERNATIVE" />
110-->src/main/AndroidManifest.xml:74:17-89
110-->src/main/AndroidManifest.xml:74:27-86
111
112                <data android:scheme="file" />
112-->src/main/AndroidManifest.xml:55:17-47
112-->src/main/AndroidManifest.xml:55:23-44
113                <data android:scheme="content" />
113-->src/main/AndroidManifest.xml:55:17-47
113-->src/main/AndroidManifest.xml:55:23-44
114                <data android:mimeType="text/xml" />
114-->src/main/AndroidManifest.xml:55:17-47
115                <data android:mimeType="text/tsml" />
115-->src/main/AndroidManifest.xml:55:17-47
116                <data android:host="*" />
116-->src/main/AndroidManifest.xml:55:17-47
117                <data android:pathPattern="/.*\\.tsml" />
117-->src/main/AndroidManifest.xml:55:17-47
118                <data android:pathPattern="/.*\\..*\\.tsml" />
118-->src/main/AndroidManifest.xml:55:17-47
119                <data android:pathPattern="/.*\\..*\\..*\\.tsml" />
119-->src/main/AndroidManifest.xml:55:17-47
120                <data android:pathPattern="/.*\\.xml" />
120-->src/main/AndroidManifest.xml:55:17-47
121                <data android:pathPattern="/.*\\..*\\.xml" />
121-->src/main/AndroidManifest.xml:55:17-47
122                <data android:pathPattern="/.*\\..*\\..*\\.xml" />
122-->src/main/AndroidManifest.xml:55:17-47
123            </intent-filter>
124        </activity>
125        <activity
125-->src/main/AndroidManifest.xml:90:9-93:47
126            android:name="com.alphawallet.app.ui.ApiV1Activity"
126-->src/main/AndroidManifest.xml:91:13-45
127            android:label="API V1 Activity"
127-->src/main/AndroidManifest.xml:93:13-44
128            android:theme="@style/AppTheme.NoActionBar.Transparent" />
128-->src/main/AndroidManifest.xml:92:13-68
129
130        <provider
131            android:name="androidx.core.content.FileProvider"
132            android:authorities="io.stormbird.wallet.fileprovider"
133            android:exported="false"
134            android:grantUriPermissions="true" >
135            <meta-data
136                android:name="android.support.FILE_PROVIDER_PATHS"
137                android:resource="@xml/filepaths" />
138        </provider>
139
140        <activity
140-->src/main/AndroidManifest.xml:105:9-107:58
141            android:name="com.alphawallet.app.ui.WalletsActivity"
141-->src/main/AndroidManifest.xml:106:13-47
142            android:label="@string/title_account_list" />
142-->src/main/AndroidManifest.xml:107:13-55
143        <activity
143-->src/main/AndroidManifest.xml:109:9-111:66
144            android:name="com.alphawallet.app.ui.SplashActivity"
144-->src/main/AndroidManifest.xml:110:13-46
145            android:theme="@style/AppTheme.NoActionBar.Splash" />
145-->src/main/AndroidManifest.xml:111:13-63
146
147        <service
147-->src/main/AndroidManifest.xml:113:9-115:38
148            android:name="com.alphawallet.app.service.WalletConnectService"
148-->src/main/AndroidManifest.xml:114:13-57
149            android:enabled="true" />
149-->src/main/AndroidManifest.xml:115:13-35
150        <service
150-->src/main/AndroidManifest.xml:117:9-120:19
151            android:name="com.alphawallet.app.service.WalletConnectV2Service"
151-->src/main/AndroidManifest.xml:118:13-59
152            android:enabled="true" >
152-->src/main/AndroidManifest.xml:119:13-35
153        </service>
154
155        <activity
155-->src/main/AndroidManifest.xml:122:9-125:47
156            android:name="com.alphawallet.app.ui.WalletConnectV2Activity"
156-->src/main/AndroidManifest.xml:123:13-55
157            android:label="WalletConnectV2"
157-->src/main/AndroidManifest.xml:125:13-44
158            android:launchMode="singleTop" />
158-->src/main/AndroidManifest.xml:124:13-43
159        <activity
159-->src/main/AndroidManifest.xml:127:9-129:47
160            android:name="com.alphawallet.app.ui.WalletConnectNotificationActivity"
160-->src/main/AndroidManifest.xml:128:13-65
161            android:label="WalletConnectV2" />
161-->src/main/AndroidManifest.xml:129:13-44
162        <activity
162-->src/main/AndroidManifest.xml:131:9-134:58
163            android:name="com.alphawallet.app.ui.NameThisWalletActivity"
163-->src/main/AndroidManifest.xml:132:13-54
164            android:label="@string/name_this_wallet"
164-->src/main/AndroidManifest.xml:133:13-53
165            android:windowSoftInputMode="adjustResize" />
165-->src/main/AndroidManifest.xml:134:13-55
166        <activity
166-->src/main/AndroidManifest.xml:136:9-140:77
167            android:name="com.alphawallet.app.ui.ImportWalletActivity"
167-->src/main/AndroidManifest.xml:137:13-52
168            android:label="@string/title_import"
168-->src/main/AndroidManifest.xml:138:13-49
169            android:screenOrientation="sensor"
169-->src/main/AndroidManifest.xml:139:13-47
170            android:windowSoftInputMode="stateAlwaysVisible|adjustResize" />
170-->src/main/AndroidManifest.xml:140:13-74
171        <activity
171-->src/main/AndroidManifest.xml:142:9-144:65
172            android:name="com.alphawallet.app.ui.TransactionDetailActivity"
172-->src/main/AndroidManifest.xml:143:13-57
173            android:label="@string/title_transaction_details" />
173-->src/main/AndroidManifest.xml:144:13-62
174        <activity
174-->src/main/AndroidManifest.xml:145:9-147:56
175            android:name="com.alphawallet.app.ui.MyAddressActivity"
175-->src/main/AndroidManifest.xml:146:13-49
176            android:label="@string/title_my_address" />
176-->src/main/AndroidManifest.xml:147:13-53
177        <activity
177-->src/main/AndroidManifest.xml:149:9-152:58
178            android:name="com.alphawallet.app.ui.SendActivity"
178-->src/main/AndroidManifest.xml:150:13-44
179            android:label="@string/title_activity_send"
179-->src/main/AndroidManifest.xml:151:13-56
180            android:windowSoftInputMode="adjustResize" />
180-->src/main/AndroidManifest.xml:152:13-55
181        <activity
181-->src/main/AndroidManifest.xml:154:9-156:55
182            android:name="com.alphawallet.app.ui.AddTokenActivity"
182-->src/main/AndroidManifest.xml:155:13-48
183            android:label="@string/title_add_token" />
183-->src/main/AndroidManifest.xml:156:13-52
184        <activity
184-->src/main/AndroidManifest.xml:158:9-160:55
185            android:name="com.alphawallet.app.ui.AssetDisplayActivity"
185-->src/main/AndroidManifest.xml:159:13-52
186            android:label="@string/title_use_token" />
186-->src/main/AndroidManifest.xml:160:13-52
187        <activity
187-->src/main/AndroidManifest.xml:162:9-164:55
188            android:name="com.alphawallet.app.ui.RedeemSignatureDisplayActivity"
188-->src/main/AndroidManifest.xml:163:13-62
189            android:label="@string/title_use_token" />
189-->src/main/AndroidManifest.xml:164:13-52
190        <activity
190-->src/main/AndroidManifest.xml:166:9-168:59
191            android:name="com.alphawallet.app.ui.GasSettingsActivity"
191-->src/main/AndroidManifest.xml:167:13-51
192            android:label="@string/title_send_settings" />
192-->src/main/AndroidManifest.xml:168:13-56
193        <activity
193-->src/main/AndroidManifest.xml:170:9-173:55
194            android:name="com.alphawallet.app.ui.SellDetailActivity"
194-->src/main/AndroidManifest.xml:171:13-50
195            android:label="@string/action_sell"
195-->src/main/AndroidManifest.xml:172:13-48
196            android:windowSoftInputMode="adjustPan" />
196-->src/main/AndroidManifest.xml:173:13-52
197        <activity
197-->src/main/AndroidManifest.xml:175:9-177:52
198            android:name="com.alphawallet.app.ui.RedeemAssetSelectActivity"
198-->src/main/AndroidManifest.xml:176:13-57
199            android:label="@string/title_redeem" />
199-->src/main/AndroidManifest.xml:177:13-49
200        <activity
200-->src/main/AndroidManifest.xml:179:9-181:58
201            android:name="com.alphawallet.app.ui.ImportTokenActivity"
201-->src/main/AndroidManifest.xml:180:13-51
202            android:label="@string/title_import_token" />
202-->src/main/AndroidManifest.xml:181:13-55
203        <activity
203-->src/main/AndroidManifest.xml:183:9-185:68
204            android:name="com.alphawallet.app.ui.TransferTicketDetailActivity"
204-->src/main/AndroidManifest.xml:184:13-60
205            android:label="@string/label_transfer_ticket_detail" />
205-->src/main/AndroidManifest.xml:185:13-65
206        <activity
206-->src/main/AndroidManifest.xml:187:9-189:53
207            android:name="com.alphawallet.app.ui.TokenDetailActivity"
207-->src/main/AndroidManifest.xml:188:13-51
208            android:label="@string/token_details" />
208-->src/main/AndroidManifest.xml:189:13-50
209        <activity
209-->src/main/AndroidManifest.xml:191:9-193:53
210            android:name="com.alphawallet.app.ui.Erc20DetailActivity"
210-->src/main/AndroidManifest.xml:192:13-51
211            android:label="@string/erc20_details" />
211-->src/main/AndroidManifest.xml:193:13-50
212        <activity
212-->src/main/AndroidManifest.xml:195:9-197:54
213            android:name="com.alphawallet.app.ui.TokenFunctionActivity"
213-->src/main/AndroidManifest.xml:196:13-53
214            android:label="@string/token_function" />
214-->src/main/AndroidManifest.xml:197:13-51
215        <activity
215-->src/main/AndroidManifest.xml:199:9-201:54
216            android:name="com.alphawallet.app.ui.FunctionActivity"
216-->src/main/AndroidManifest.xml:200:13-48
217            android:label="@string/token_function" />
217-->src/main/AndroidManifest.xml:201:13-51
218        <activity
218-->src/main/AndroidManifest.xml:203:9-205:46
219            android:name="com.alphawallet.app.ui.WalletActionsActivity"
219-->src/main/AndroidManifest.xml:204:13-53
220            android:label="Wallet Actions" />
220-->src/main/AndroidManifest.xml:205:13-43
221        <activity
221-->src/main/AndroidManifest.xml:207:9-209:40
222            android:name="com.alphawallet.app.ui.AddEditDappActivity"
222-->src/main/AndroidManifest.xml:208:13-51
223            android:label="Add DApp" />
223-->src/main/AndroidManifest.xml:209:13-37
224        <activity
224-->src/main/AndroidManifest.xml:211:9-213:59
225            android:name="com.alphawallet.app.ui.SelectNetworkActivity"
225-->src/main/AndroidManifest.xml:212:13-53
226            android:label="Select DApp Browser Network" />
226-->src/main/AndroidManifest.xml:213:13-56
227        <activity
227-->src/main/AndroidManifest.xml:215:9-217:54
228            android:name="com.alphawallet.app.ui.SelectNetworkFilterActivity"
228-->src/main/AndroidManifest.xml:216:13-59
229            android:label="Select Network Filters" />
229-->src/main/AndroidManifest.xml:217:13-51
230        <activity
230-->src/main/AndroidManifest.xml:219:9-221:45
231            android:name="com.alphawallet.app.ui.TokenManagementActivity"
231-->src/main/AndroidManifest.xml:220:13-55
232            android:label="Manage Tokens" />
232-->src/main/AndroidManifest.xml:221:13-42
233        <activity
233-->src/main/AndroidManifest.xml:223:9-225:47
234            android:name="com.alphawallet.app.ui.SelectLocaleActivity"
234-->src/main/AndroidManifest.xml:224:13-52
235            android:label="Select Language" />
235-->src/main/AndroidManifest.xml:225:13-44
236        <activity
236-->src/main/AndroidManifest.xml:227:9-229:47
237            android:name="com.alphawallet.app.ui.SelectCurrencyActivity"
237-->src/main/AndroidManifest.xml:228:13-54
238            android:label="Select Currency" />
238-->src/main/AndroidManifest.xml:229:13-44
239        <activity
239-->src/main/AndroidManifest.xml:231:9-234:40
240            android:name="com.alphawallet.app.ui.ScammerWarningActivity"
240-->src/main/AndroidManifest.xml:232:13-54
241            android:label="Scammer Warning"
241-->src/main/AndroidManifest.xml:233:13-44
242            android:noHistory="true" />
242-->src/main/AndroidManifest.xml:234:13-37
243        <activity
243-->src/main/AndroidManifest.xml:236:9-238:70
244            android:name="com.alphawallet.app.ui.BackupKeyActivity"
244-->src/main/AndroidManifest.xml:237:13-49
245            android:windowSoftInputMode="stateHidden|adjustResize" />
245-->src/main/AndroidManifest.xml:238:13-67
246        <activity
246-->src/main/AndroidManifest.xml:240:9-242:48
247            android:name="com.alphawallet.app.ui.SupportSettingsActivity"
247-->src/main/AndroidManifest.xml:241:13-55
248            android:label="Support Settings" />
248-->src/main/AndroidManifest.xml:242:13-45
249        <activity
249-->src/main/AndroidManifest.xml:244:9-246:49
250            android:name="com.alphawallet.app.ui.AdvancedSettingsActivity"
250-->src/main/AndroidManifest.xml:245:13-56
251            android:label="Advanced Settings" />
251-->src/main/AndroidManifest.xml:246:13-46
252        <activity
252-->src/main/AndroidManifest.xml:248:9-250:41
253            android:name="com.alphawallet.app.ui.StaticViewer"
253-->src/main/AndroidManifest.xml:249:13-44
254            android:label="View Text" />
254-->src/main/AndroidManifest.xml:250:13-38
255        <activity
255-->src/main/AndroidManifest.xml:252:9-254:62
256            android:name="com.alphawallet.app.ui.TokenScriptManagementActivity"
256-->src/main/AndroidManifest.xml:253:13-61
257            android:label="@string/tokenscript_management" />
257-->src/main/AndroidManifest.xml:254:13-59
258        <activity
258-->src/main/AndroidManifest.xml:256:9-258:54
259            android:name="com.alphawallet.app.ui.TokenActivity"
259-->src/main/AndroidManifest.xml:257:13-45
260            android:label="@string/activity_label" />
260-->src/main/AndroidManifest.xml:258:13-51
261        <activity
261-->src/main/AndroidManifest.xml:260:9-263:46
262            android:name="com.alphawallet.app.ui.WalletConnectActivity"
262-->src/main/AndroidManifest.xml:261:13-53
263            android:label="WalletConnect"
263-->src/main/AndroidManifest.xml:262:13-42
264            android:launchMode="singleTop" />
264-->src/main/AndroidManifest.xml:263:13-43
265        <activity
265-->src/main/AndroidManifest.xml:265:9-267:45
266            android:name="com.alphawallet.app.ui.BackupFlowActivity"
266-->src/main/AndroidManifest.xml:266:13-50
267            android:label="WalletConnect" />
267-->src/main/AndroidManifest.xml:267:13-42
268        <activity
268-->src/main/AndroidManifest.xml:269:9-271:44
269            android:name="com.alphawallet.app.ui.SignDetailActivity"
269-->src/main/AndroidManifest.xml:270:13-50
270            android:label="Sign Details" />
270-->src/main/AndroidManifest.xml:271:13-41
271        <activity
271-->src/main/AndroidManifest.xml:273:9-275:54
272            android:name="com.alphawallet.app.ui.WalletConnectSessionActivity"
272-->src/main/AndroidManifest.xml:274:13-60
273            android:label="WalletConnect Sessions" />
273-->src/main/AndroidManifest.xml:275:13-51
274        <activity
274-->src/main/AndroidManifest.xml:277:9-279:51
275            android:name="com.alphawallet.app.ui.TransactionSuccessActivity"
275-->src/main/AndroidManifest.xml:278:13-58
276            android:label="Transaction Success" />
276-->src/main/AndroidManifest.xml:279:13-48
277        <activity
277-->src/main/AndroidManifest.xml:281:9-284:58
278            android:name="com.alphawallet.app.ui.SetPriceAlertActivity"
278-->src/main/AndroidManifest.xml:282:13-53
279            android:label="Set New Alert"
279-->src/main/AndroidManifest.xml:283:13-42
280            android:windowSoftInputMode="adjustResize" />
280-->src/main/AndroidManifest.xml:284:13-55
281        <activity
281-->src/main/AndroidManifest.xml:286:9-288:76
282            android:name="com.alphawallet.app.ui.AddCustomRPCNetworkActivity"
282-->src/main/AndroidManifest.xml:287:13-59
283            android:label="@string/title_activity_add_custom_rpcnetwork" />
283-->src/main/AndroidManifest.xml:288:13-73
284        <activity
284-->src/main/AndroidManifest.xml:290:9-292:54
285            android:name="com.alphawallet.app.ui.NFTActivity"
285-->src/main/AndroidManifest.xml:291:13-43
286            android:label="ERC721 Master Activity" />
286-->src/main/AndroidManifest.xml:292:13-51
287        <activity
287-->src/main/AndroidManifest.xml:294:9-296:55
288            android:name="com.alphawallet.app.ui.Erc1155AssetSelectActivity"
288-->src/main/AndroidManifest.xml:295:13-58
289            android:label="ERC1155 Asset Selection" />
289-->src/main/AndroidManifest.xml:296:13-52
290        <activity
290-->src/main/AndroidManifest.xml:298:9-300:53
291            android:name="com.alphawallet.app.ui.NFTAssetDetailActivity"
291-->src/main/AndroidManifest.xml:299:13-54
292            android:label="ERC1155 Asset Details" />
292-->src/main/AndroidManifest.xml:300:13-50
293        <activity
293-->src/main/AndroidManifest.xml:302:9-304:53
294            android:name="com.alphawallet.app.ui.Erc1155AssetListActivity"
294-->src/main/AndroidManifest.xml:303:13-56
295            android:label="ERC1155 Asset Details" />
295-->src/main/AndroidManifest.xml:304:13-50
296        <activity
296-->src/main/AndroidManifest.xml:306:9-308:44
297            android:name="com.alphawallet.app.ui.TransferNFTActivity"
297-->src/main/AndroidManifest.xml:307:13-51
298            android:label="NFT Transfer" />
298-->src/main/AndroidManifest.xml:308:13-41
299        <activity
299-->src/main/AndroidManifest.xml:310:9-312:43
300            android:name="com.alphawallet.app.ui.SelectThemeActivity"
300-->src/main/AndroidManifest.xml:311:13-51
301            android:label="Select Mode" />
301-->src/main/AndroidManifest.xml:312:13-40
302        <activity
302-->src/main/AndroidManifest.xml:314:9-316:45
303            android:name="com.alphawallet.app.ui.SearchActivity"
303-->src/main/AndroidManifest.xml:315:13-46
304            android:label="Search Tokens" />
304-->src/main/AndroidManifest.xml:316:13-42
305        <activity
305-->src/main/AndroidManifest.xml:318:9-321:50
306            android:name="com.alphawallet.app.ui.QRScanning.QRScannerActivity"
306-->src/main/AndroidManifest.xml:319:13-60
307            android:hardwareAccelerated="true"
307-->src/main/AndroidManifest.xml:320:13-47
308            android:label="@string/qr_scanner" />
308-->src/main/AndroidManifest.xml:321:13-47
309        <activity
309-->src/main/AndroidManifest.xml:323:9-326:58
310            android:name="com.alphawallet.app.ui.SwapActivity"
310-->src/main/AndroidManifest.xml:324:13-44
311            android:label="Native Swap"
311-->src/main/AndroidManifest.xml:325:13-40
312            android:windowSoftInputMode="adjustResize" />
312-->src/main/AndroidManifest.xml:326:13-55
313        <activity
313-->src/main/AndroidManifest.xml:328:9-330:58